Apr 23, 2015 11:04:35 PM OrderManager main
INFO: ====== Buy Hard =========
Developer Team: Group 1
MODULE NAME: BuyHard-Momentum-1.0.0.jar
MODULE VERSION: 1.0.0
INPUT FILE: input.csv
OUTPUT FILE: orders.csv
LOG FILE: logfile.log
Apr 23, 2015 11:04:35 PM k a
INFO: Number of file lines read is 16679
Apr 23, 2015 11:04:35 PM OrderManager main
INFO: Analysing prices for CBA.AX
Apr 23, 2015 11:04:35 PM c <init>
INFO: Parameters Used:
Moving Average Time Window: 4
Threshold: 0.001
Volume: 100
Apr 23, 2015 11:04:35 PM OrderManager main
INFO: Analysing prices for ANZ.AX
Apr 23, 2015 11:04:35 PM c <init>
INFO: Parameters Used:
Moving Average Time Window: 4
Threshold: 0.001
Volume: 100
Apr 23, 2015 11:04:35 PM OrderManager main
INFO: Analysing prices for NAB.AX
Apr 23, 2015 11:04:35 PM c <init>
INFO: Parameters Used:
Moving Average Time Window: 4
Threshold: 0.001
Volume: 100
Apr 23, 2015 11:04:35 PM OrderManager main
INFO: Time Elapsed : 87ms
Apr 23, 2015 11:04:35 PM f a
INFO: Finished. File written to orders.csv
Apr 23, 2015 11:04:35 PM f a
INFO: 4416 orders generated.
Apr 23, 2015 11:04:35 PM OrderManager main
INFO: Module successful. No errors encountered.
