Apr 27, 2015 12:09:09 PM OrderManager main
INFO: ====== Buy Hard =========
Developer Team: Group 1
MODULE NAME: BuyHard-Momentum-1.0.0.jar
MODULE VERSION: 1.0.0
INPUT FILE: /Users/DOGE/Development/the-wolf-of-seng/currATTP/wolfOfSeng/input.csv
OUTPUT FILE: orders.csv
LOG FILE: logfile.log
Apr 27, 2015 12:09:10 PM k a
INFO: Number of file lines read is 5518
Apr 27, 2015 12:09:10 PM OrderManager main
INFO: Analysing prices for BHP.AX
Apr 27, 2015 12:09:10 PM c <init>
INFO: Parameters Used:
Moving Average Time Window: 4
Threshold: 0.001
Volume: 100
Start Date: Sat Jan 01 00:00:00 AEDT 2000
End Date: Sat Jan 01 00:00:00 AEDT 2005
Apr 27, 2015 12:09:10 PM OrderManager main
INFO: Time Elapsed : 59ms
Apr 27, 2015 12:09:10 PM f a
INFO: Finished. File written to orders.csv
Apr 27, 2015 12:09:10 PM f a
INFO: 526 orders generated.
Apr 27, 2015 12:09:10 PM OrderManager main
INFO: Module successful. No errors encountered.
